<?xml version="1.0" encoding="UTF-8"?>
<!-- Generated by org.testng.reporters.JUnitXMLReporter -->
<testsuite hostname="Ahammed" ignored="0" name="Default test(failed)(failed)(failed)" tests="1" failures="0" timestamp="30 Oct 2017 20:09:02 GMT" time="0.062" errors="0">
  <testcase name="@BeforeTest setUp" time="0.0" classname="test.DemoProject.packege.HomePage.TC0001_VarifyLoginWithValidCredential">
    <failure type="java.lang.Error" message="Unresolved compilation problem: 
	URL cannot be resolved to a variable
">
      <![CDATA[java.lang.Error: Unresolved compilation problem: 
	URL cannot be resolved to a variable

	at test.DemoProject.BaseTest.BaseTest.init(BaseTest.java:17)
	at test.DemoProject.packege.HomePage.TC0001_VarifyLoginWithValidCredential.setUp(TC0001_VarifyLoginWithValidCredential.java:15)
... Removed 23 stack frames]]>
    </failure>
  </testcase> <!-- @BeforeTest setUp -->
  <testcase name="@AfterTest endTest" time="0.0" classname="test.DemoProject.packege.HomePage.TC0001_VarifyLoginWithValidCredential">
    <skipped/>
  </testcase> <!-- @AfterTest endTest -->
  <testcase name="VarifyWithValidCredential" time="0.0" classname="test.DemoProject.packege.HomePage.TC0001_VarifyLoginWithValidCredential">
    <skipped/>
  </testcase> <!-- VarifyWithValidCredential -->
</testsuite> <!-- Default test(failed)(failed)(failed) -->
