<?xml version="1.0" encoding="UTF-8"?>
<!-- Generated by org.testng.reporters.JUnitXMLReporter -->
<testsuite hostname="Ahammed" ignored="0" name="Default test(failed)(failed)(failed)(failed)(failed)" tests="1" failures="0" timestamp="30 Oct 2017 20:17:21 GMT" time="8.408" errors="0">
  <testcase name="VarifyWithValidCredential" time="0.32" classname="test.DemoProject.packege.HomePage.TC0001_VarifyLoginWithValidCredential"/>
</testsuite> <!-- Default test(failed)(failed)(failed)(failed)(failed) -->
